
[20180409]testtest21234567891011121314151617181920
[20180409]testtest21234567891011121314151617181920
[20180409]
[20180409]
[20180409]
[20180409]
[20180409]size:22 msg:testtest21234567891011121314151617181920
[20180409]size:22 msg:test, test2, 1, 2, 3, 4, 5, 6, 7, 8, 9, 10, 11, 12, 13, 14, 15, 16, 17, 18, 19, 20, 
[20180409 14:04:15]size:22 msg:test, test2, 1, 2, 3, 4, 5, 6, 7, 8, 9, 10, 11, 12, 13, 14, 15, 16, 17, 18, 19, 20, 
[2018-04-09 14:06:23]size:22 msg:test, test2, 1, 2, 3, 4, 5, 6, 7, 8, 9, 10, 11, 12, 13, 14, 15, 16, 17, 18, 19, 20, 
[2018-04-09 14:07:33]test, test2, 1, 2, 3, 4, 5, 6, 7, 8, 9, 10, 11, 12, 13, 14, 15, 16, 17, 18, 19, 20, 
[2018-04-09 14:09:32][debug], test, test2, 1, 2, 3, 4, 5, 6, 7, 8, 9, 10, 11, 12, 13, 14, 15, 16, 17, 18, 19, 20, 
[2018-04-09 14:09:32][error], test, test2, 1, 2, 3, 4, 5, 6, 7, 8, 9, 10, 11, 12, 13, 14, 15, 16, 17, 18, 19, 20, 
[2018-04-09 14:16:24][debug], test, test2, 1, 2, 3, 4, 5, 6, 7, 8, 9, 10, 11, 12, 13, 14, 15, 16, 17, 18, 19, 20, 
[2018-04-09 14:16:24][error], test, test2, 1, 2, 3, 4, 5, 6, 7, 8, 9, 10, 11, 12, 13, 14, 15, 16, 17, 18, 19, 20, 
[2018-04-09 14:23:34][debug], test, test2, 1, 2, 3, 4, 5, 6, 7, 8, 9, 10, 11, 12, 13, 14, 15, 16, 17, 18, 19, 20, 
[2018-04-09 14:23:34][error], test, test2, 1, 2, 3, 4, 5, 6, 7, 8, 9, 10, 11, 12, 13, 14, 15, 16, 17, 18, 19, 20, 
[2018-04-09 14:36:00][debug], test, test2, 1, 2, 3, 4, 5, 6, 7, 8, 9, 10, 11, 12, 13, 14, 15, 16, 17, 18, 19, 20, 
[2018-04-09 14:36:00][error], test, test2, 1, 2, 3, 4, 5, 6, 7, 8, 9, 10, 11, 12, 13, 14, 15, 16, 17, 18, 19, 20, 
[2018-04-09 14:46:26][debug], test, test2, 1, 2, 3, 4, 5, 6, 7, 8, 9, 10, 11, 12, 13, 14, 15, 16, 17, 18, 19, 20, 
[2018-04-09 14:46:26][error], test, test2, 1, 2, 3, 4, 5, 6, 7, 8, 9, 10, 11, 12, 13, 14, 15, 16, 17, 18, 19, 20, 
[2018-04-09 14:46:26]
[2018-04-09 14:52:05][debug], test, test2, 1, 2, 3, 4, 5, 6, 7, 8, 9, 10, 11, 12, 13, 14, 15, 16, 17, 18, 19, 20, 
[2018-04-09 14:52:05][error], test, test2, 1, 2, 3, 4, 5, 6, 7, 8, 9, 10, 11, 12, 13, 14, 15, 16, 17, 18, 19, 20, 
[2018-04-09 14:52:05]
[2018-04-09 14:52:41][debug], test, test2, 1, 2, 3, 4, 5, 6, 7, 8, 9, 10, 11, 12, 13, 14, 15, 16, 17, 18, 19, 20, 
[2018-04-09 14:52:41][error], test, test2, 1, 2, 3, 4, 5, 6, 7, 8, 9, 10, 11, 12, 13, 14, 15, 16, 17, 18, 19, 20, 
[2018-04-09 14:52:41][error], {table}, 
[2018-04-09 15:34:32]'[debug]', 'test', 'test2', 1, 2, 3, 4, 5, 6, 7, 8, 9, 10, 11, 12, 13, 14, 15, 16, 17, 18, 19, 20, 
[2018-04-09 15:34:32]'[error]', 'test', 'test2', 1, 2, 3, 4, 5, 6, 7, 8, 9, 10, 11, 12, 13, 14, 15, 16, 17, 18, 19, 20, 
[2018-04-09 15:34:32]
[2018-04-09 15:35:34]'[debug]', 'test', 'test2', 1, 2, 3, 4, 5, 6, 7, 8, 9, 10, 11, 12, 13, 14, 15, 16, 17, 18, 19, 20, 
[2018-04-09 15:35:34]'[error]', 'test', 'test2', 1, 2, 3, 4, 5, 6, 7, 8, 9, 10, 11, 12, 13, 14, 15, 16, 17, 18, 19, 20, 
[2018-04-09 15:35:34]
[2018-04-09 15:35:38]'[debug]', 'test', 'test2', 1, 2, 3, 4, 5, 6, 7, 8, 9, 10, 11, 12, 13, 14, 15, 16, 17, 18, 19, 20, 
[2018-04-09 15:35:38]'[error]', 'test', 'test2', 1, 2, 3, 4, 5, 6, 7, 8, 9, 10, 11, 12, 13, 14, 15, 16, 17, 18, 19, 20, 
[2018-04-09 15:35:38]'[error]', {['code']=1,['msg']='init failed.'}, 
[2018-04-09 16:33:24]'[debug]', 'test', 'test2', 1, 2, 3, 4, 5, 6, 7, 8, 9, 10, 11, 12, 13, 14, 15, 16, 17, 18, 19, 20, 
[2018-04-09 16:33:24]'[error]', 'test', 'test2', 1, 2, 3, 4, 5, 6, 7, 8, 9, 10, 11, 12, 13, 14, 15, 16, 17, 18, 19, 20, 
[2018-04-09 16:33:24]'[error]', {['msg']='init failed.',['code']=1}, 
[2018-04-09 16:33:24]'[error]', {['msg']='ok',['code']=0}, 
[2018-04-09 16:33:24]'[error]', {['data']={['account']='acc001',['price']=2.01,['status']=0,['amount']='0.01'},['msg']='ok',['code']=0}, 
[2018-04-09 16:36:38]'[debug]', 'test', 'test2', 1, 2, 3, 4, 5, 6, 7, 8, 9, 10, 11, 12, 13, 14, 15, 16, 17, 18, 19, 20, 
[2018-04-09 16:36:38]'[error]', 'test', 'test2', 1, 2, 3, 4, 5, 6, 7, 8, 9, 10, 11, 12, 13, 14, 15, 16, 17, 18, 19, 20, 
[2018-04-09 16:36:38]'[error]', {['msg']='init failed.',['code']=1}, 
[2018-04-09 16:36:38]'[error]', {['msg']='ok',['code']=0}, 
[2018-04-09 16:36:38]'[error]', {['code']=0,['data']={['price']=2.01,['account']='acc001',['status']=0,['amount']='0.01'},['msg']='ok'}, 
[2018-04-09 16:36:38]'[error]', {['code']=0,['data']={['price']=2.01,['account']='acc001',['status']=0,['amount']='0.01'},['msg']='ok'}, 
[2018-04-09 16:37:32]'[debug]', 'test', 'test2', 1, 2, 3, 4, 5, 6, 7, 8, 9, 10, 11, 12, 13, 14, 15, 16, 17, 18, 19, 20, 
[2018-04-09 16:37:32]'[error]', 'test', 'test2', 1, 2, 3, 4, 5, 6, 7, 8, 9, 10, 11, 12, 13, 14, 15, 16, 17, 18, 19, 20, 
[2018-04-09 16:37:32]'[error]', {['code']=1,['msg']='init failed.'}, 
[2018-04-09 16:37:32]'[error]', {['code']=0,['msg']='ok'}, 
[2018-04-09 16:37:32]'[error]', {['msg']='ok',['data']={['status']=0,['price']=2.01,['account']='acc001',['amount']='0.01'},['code']=0}, 
[2018-04-09 16:37:32]'[error]', {['data']={['status']=0,['price']=2.01,['account']='acc001',['amount']='0.01'},['code']=0}, 