d:\github\test\blat\blatdll\win32\debug\vc140.pdb
d:\github\test\blat\blatdll\win32\debug\vc140.idb
d:\github\test\blat\blatdll\win32\debug\yenc.obj
d:\github\test\blat\blatdll\win32\debug\uuencode.obj
d:\github\test\blat\blatdll\win32\debug\unicode.obj
d:\github\test\blat\blatdll\win32\debug\server.obj
d:\github\test\blat\blatdll\win32\debug\sendsmtp.obj
d:\github\test\blat\blatdll\win32\debug\sendnntp.obj
d:\github\test\blat\blatdll\win32\debug\reg.obj
d:\github\test\blat\blatdll\win32\debug\punycode.obj
d:\github\test\blat\blatdll\win32\debug\parsing.obj
d:\github\test\blat\blatdll\win32\debug\options.obj
d:\github\test\blat\blatdll\win32\debug\msgbody.obj
d:\github\test\blat\blatdll\win32\debug\mime.obj
d:\github\test\blat\blatdll\win32\debug\gssfuncs.obj
d:\github\test\blat\blatdll\win32\debug\gensock.obj
d:\github\test\blat\blatdll\win32\debug\filetype.obj
d:\github\test\blat\blatdll\win32\debug\bldhdrs.obj
d:\github\test\blat\blatdll\win32\debug\blatcgi.obj
d:\github\test\blat\blatdll\win32\debug\blat.obj
d:\github\test\blat\blatdll\win32\debug\base64.obj
d:\github\test\blat\blatdll\win32\debug\attach.obj
d:\github\test\blat\blatdll\win32\debug\makeargv.obj
d:\github\test\blat\blatdll\win32\debug\md5.obj
d:\github\test\blat\blatdll\win32\debug\blat.res
d:\github\test\blat\blatdll\win32\debug\blat.exp
d:\github\test\blat\blatdll\win32\debug\blatdll.pdb
d:\github\test\blat\blatdll\win32\debug\blatdll.tlog\cl.command.1.tlog
d:\github\test\blat\blatdll\win32\debug\blatdll.tlog\cl.read.1.tlog
d:\github\test\blat\blatdll\win32\debug\blatdll.tlog\cl.write.1.tlog
d:\github\test\blat\blatdll\win32\debug\blatdll.tlog\link-cvtres.read.1.tlog
d:\github\test\blat\blatdll\win32\debug\blatdll.tlog\link-cvtres.write.1.tlog
d:\github\test\blat\blatdll\win32\debug\blatdll.tlog\link-rc.read.1.tlog
d:\github\test\blat\blatdll\win32\debug\blatdll.tlog\link-rc.write.1.tlog
d:\github\test\blat\blatdll\win32\debug\blatdll.tlog\link.command.1.tlog
d:\github\test\blat\blatdll\win32\debug\blatdll.tlog\link.read.1.tlog
d:\github\test\blat\blatdll\win32\debug\blatdll.tlog\link.write.1.tlog
d:\github\test\blat\blatdll\win32\debug\blatdll.tlog\rc.command.1.tlog
d:\github\test\blat\blatdll\win32\debug\blatdll.tlog\rc.read.1.tlog
d:\github\test\blat\blatdll\win32\debug\blatdll.tlog\rc.write.1.tlog
